<?xml version="1.0" encoding="UTF-8"?>
<!-- Generated by org.testng.reporters.JUnitReportReporter -->
<testsuite hostname="Hugo-Tech-175" failures="0" tests="1" name="testCases.ShowPasswordTest" time="46.667" errors="0" timestamp="2022-01-22T23:07:35 WAT" skipped="0">
  <testcase classname="testCases.ShowPasswordTest" name="showPassword" time="46.667"/>
  <system-out/>
</testsuite> <!-- testCases.ShowPasswordTest -->
