<?xml version="1.0" encoding="UTF-8"?>
<!-- Generated by org.testng.reporters.JUnitReportReporter -->
<testsuite hostname="Hugo-Tech-175" failures="0" tests="1" name="testCases.Tester" time="0.009" errors="0" timestamp="2022-01-19T20:14:58 WAT" skipped="0">
  <testcase classname="testCases.Tester" name="runner" time="0.009"/>
  <system-out/>
</testsuite> <!-- testCases.Tester -->
