<?xml version="1.0" encoding="UTF-8"?>
<!-- Generated by org.testng.reporters.JUnitReportReporter -->
<testsuite hostname="Hugo-Tech-175" failures="0" tests="1" name="testCases.SigninTest" time="46.533" errors="0" timestamp="2022-01-22T23:07:35 WAT" skipped="0">
  <testcase classname="testCases.SigninTest" name="signin" time="46.533"/>
  <system-out/>
</testsuite> <!-- testCases.SigninTest -->
