<?xml version="1.0" encoding="UTF-8"?>
<!-- Generated by org.testng.reporters.JUnitReportReporter -->
<testsuite hostname="Hugo-Tech-175" failures="0" tests="1" name="testCases.InputboxTest" time="45.080" errors="0" timestamp="2022-01-20T21:43:27 WAT" skipped="0">
  <testcase classname="testCases.InputboxTest" name="inputbox" time="45.080"/>
  <system-out/>
</testsuite> <!-- testCases.InputboxTest -->
