<?xml version="1.0" encoding="UTF-8"?>
<!-- Generated by org.testng.reporters.JUnitReportReporter -->
<testsuite hostname="Hugo-Tech-175" failures="0" tests="1" name="testCases.PasswordMismatchTest" time="45.332" errors="0" timestamp="2022-01-22T23:07:35 WAT" skipped="0">
  <testcase classname="testCases.PasswordMismatchTest" name="passwordMismatch" time="45.332"/>
  <system-out/>
</testsuite> <!-- testCases.PasswordMismatchTest -->
