<?xml version="1.0" encoding="UTF-8"?>
<!-- Generated by org.testng.reporters.JUnitReportReporter -->
<testsuite hostname="Hugo-Tech-175" failures="0" tests="1" name="testCases.NewGmailTest" time="44.379" errors="0" timestamp="2022-01-22T23:07:35 WAT" skipped="0">
  <testcase classname="testCases.NewGmailTest" name="NewGmail" time="44.379"/>
  <system-out/>
</testsuite> <!-- testCases.NewGmailTest -->
