<?xml version="1.0" encoding="UTF-8"?>
<!-- Generated by org.testng.reporters.JUnitReportReporter -->
<testsuite hostname="Hugo-Tech-175" failures="0" tests="1" name="testCases.Teardown" time="2.306" errors="0" timestamp="2022-01-22T22:55:36 WAT" skipped="0">
  <testcase classname="testCases.Teardown" name="teardown" time="2.306"/>
  <system-out/>
</testsuite> <!-- testCases.Teardown -->
