<?xml version="1.0" encoding="UTF-8"?>
<!-- Generated by org.testng.reporters.JUnitReportReporter -->
<testsuite hostname="Hugo-Tech-175" failures="0" tests="1" name="testCases.Linktest" time="56.944" errors="0" timestamp="2022-01-20T21:43:27 WAT" skipped="0">
  <testcase classname="testCases.Linktest" name="link" time="56.944"/>
  <system-out/>
</testsuite> <!-- testCases.Linktest -->
