<?xml version="1.0" encoding="UTF-8"?>
<!-- Generated by org.testng.reporters.JUnitReportReporter -->
<testsuite hostname="Hugo-Tech-175" failures="0" tests="1" name="testCases.PasswordMatchTest" time="56.417" errors="0" timestamp="2022-01-20T21:43:27 WAT" skipped="0">
  <testcase classname="testCases.PasswordMatchTest" name="passwordMatch" time="56.417"/>
  <system-out/>
</testsuite> <!-- testCases.PasswordMatchTest -->
