<?xml version="1.0" encoding="UTF-8"?>
<!-- Generated by org.testng.reporters.JUnitReportReporter -->
<testsuite hostname="Hugo-Tech-175" failures="0" tests="1" name="testCases.ShowPasswordTest" time="51.897" errors="0" timestamp="2022-01-20T21:43:27 WAT" skipped="0">
  <testcase classname="testCases.ShowPasswordTest" name="showPassword" time="51.897"/>
  <system-out/>
</testsuite> <!-- testCases.ShowPasswordTest -->
