<?xml version="1.0" encoding="UTF-8"?>
<!-- Generated by org.testng.reporters.JUnitReportReporter -->
<testsuite hostname="Hugo-Tech-175" failures="0" tests="1" name="testCases.PasswordMismatchTest" time="18.935" errors="0" timestamp="2022-01-20T21:43:27 WAT" skipped="0">
  <testcase classname="testCases.PasswordMismatchTest" name="passwordMismatch" time="18.935"/>
  <system-out/>
</testsuite> <!-- testCases.PasswordMismatchTest -->
